----------

Tue May 05 2020 19:37:53 GMT+1000 (Australian Eastern Standard Time)

Script /Users/rbxii3/Documents/GitHub/mh-task-2-2020/export.sh couldn't be run

----------

Tue May 05 2020 19:38:25 GMT+1000 (Australian Eastern Standard Time)

/Users/rbxii3/Documents/GitHub/mh-task-2-2020/export.sh: line 1: cd: /Users/rbxii3/Documents/Github/mh-task-2-2020: No such file or directory


----------

Tue May 05 2020 19:38:25 GMT+1000 (Australian Eastern Standard Time)

fatal: not a git repository (or any of the parent directories): .git


----------

Tue May 05 2020 19:38:25 GMT+1000 (Australian Eastern Standard Time)

fatal: not a git repository (or any of the parent directories): .git


----------

Tue May 05 2020 19:38:25 GMT+1000 (Australian Eastern Standard Time)

fatal: not a git repository (or any of the parent directories): .git


----------

Tue May 05 2020 19:38:56 GMT+1000 (Australian Eastern Standard Time)

/Users/rbxii3/Documents/GitHub/mh-task-2-2020/export.sh: line 1: cd: /Users/rbxii3/Documents/Github/mh-task-2-2020/: No such file or directory


----------

Tue May 05 2020 19:38:56 GMT+1000 (Australian Eastern Standard Time)

fatal: not a git repository (or any of the parent directories): .git


----------

Tue May 05 2020 19:38:56 GMT+1000 (Australian Eastern Standard Time)

fatal: not a git repository (or any of the parent directories): .git


----------

Tue May 05 2020 19:38:56 GMT+1000 (Australian Eastern Standard Time)

fatal: not a git repository (or any of the parent directories): .git


